<?xml version="1.0" encoding="UTF-8"?>
<testsuite name="ru.stqa.pft.sandbox.DistanceTests" tests="1" skipped="0" failures="0" errors="0" timestamp="2020-08-23T13:57:51" hostname="DESKTOP-N7V8QI7" time="0.006">
  <properties/>
  <testcase name="TestsDistance" classname="ru.stqa.pft.sandbox.DistanceTests" time="0.006"/>
  <system-out><![CDATA[]]></system-out>
  <system-err><![CDATA[]]></system-err>
</testsuite>
